{"C:\\Users\\matia\\Desktop\\donaton-frontend\\src\\setupTest.js": {"path":"C:\\Users\\matia\\Desktop\\donaton-frontend\\src\\setupTest.js","statementMap":{"0":{"start":{"line":5,"column":6},"end":{"line":13,"column":null}},"1":{"start":{"line":6,"column":14},"end":{"line":6,"column":16}},"2":{"start":{"line":7,"column":2},"end":{"line":12,"column":null}},"3":{"start":{"line":8,"column":22},"end":{"line":8,"column":null}},"4":{"start":{"line":9,"column":31},"end":{"line":9,"column":null}},"5":{"start":{"line":10,"column":19},"end":{"line":10,"column":null}},"6":{"start":{"line":11,"column":27},"end":{"line":11,"column":null}},"7":{"start":{"line":15,"column":0},"end":{"line":15,"column":null}}},"fnMap":{"0":{"name":"(anonymous_0)","decl":{"start":{"line":5,"column":6},"end":{"line":5,"column":32}},"loc":{"start":{"line":5,"column":32},"end":{"line":13,"column":null}},"line":5},"1":{"name":"(anonymous_1)","decl":{"start":{"line":8,"column":4},"end":{"line":8,"column":14}},"loc":{"start":{"line":8,"column":22},"end":{"line":8,"column":null}},"line":8},"2":{"name":"(anonymous_2)","decl":{"start":{"line":9,"column":4},"end":{"line":9,"column":14}},"loc":{"start":{"line":9,"column":29},"end":{"line":9,"column":null}},"line":9},"3":{"name":"(anonymous_3)","decl":{"start":{"line":10,"column":4},"end":{"line":10,"column":17}},"loc":{"start":{"line":10,"column":17},"end":{"line":10,"column":null}},"line":10},"4":{"name":"(anonymous_4)","decl":{"start":{"line":11,"column":4},"end":{"line":11,"column":17}},"loc":{"start":{"line":11,"column":25},"end":{"line":11,"column":null}},"line":11}},"branchMap":{"0":{"loc":{"start":{"line":8,"column":22},"end":{"line":8,"column":null}},"type":"binary-expr","locations":[{"start":{"line":8,"column":22},"end":{"line":8,"column":36}},{"start":{"line":8,"column":36},"end":{"line":8,"column":null}}],"line":8}},"s":{"0":0,"1":0,"2":0,"3":0,"4":0,"5":0,"6":0,"7":0},"f":{"0":0,"1":0,"2":0,"3":0,"4":0},"b":{"0":[0,0]},"meta":{"lastBranch":1,"lastFunction":5,"lastStatement":8,"seen":{"s:5:6:13:Infinity":0,"f:5:6:5:32":0,"s:6:14:6:16":1,"s:7:2:12:Infinity":2,"f:8:4:8:14":1,"s:8:22:8:Infinity":3,"b:8:22:8:36:8:36:8:Infinity":0,"f:9:4:9:14":2,"s:9:31:9:Infinity":4,"f:10:4:10:17":3,"s:10:19:10:Infinity":5,"f:11:4:11:17":4,"s:11:27:11:Infinity":6,"s:15:0:15:Infinity":7}}}
,"C:\\Users\\matia\\Desktop\\donaton-frontend\\src\\components\\auth\\LoginForm.jsx": {"path":"C:\\Users\\matia\\Desktop\\donaton-frontend\\src\\components\\auth\\LoginForm.jsx","statementMap":{"0":{"start":{"line":9,"column":6},"end":{"line":76,"column":null}},"1":{"start":{"line":10,"column":22},"end":{"line":10,"column":77}},"2":{"start":{"line":11,"column":10},"end":{"line":11,"column":29}},"3":{"start":{"line":12,"column":8},"end":{"line":12,"column":32}},"4":{"start":{"line":14,"column":8},"end":{"line":15,"column":null}},"5":{"start":{"line":15,"column":4},"end":{"line":15,"column":null}},"6":{"start":{"line":18,"column":23},"end":{"line":41,"column":null}},"7":{"start":{"line":19,"column":4},"end":{"line":19,"column":null}},"8":{"start":{"line":21,"column":4},"end":{"line":41,"column":null}},"9":{"start":{"line":22,"column":19},"end":{"line":22,"column":50}},"10":{"start":{"line":24,"column":6},"end":{"line":24,"column":null}},"11":{"start":{"line":26,"column":33},"end":{"line":26,"column":null}},"12":{"start":{"line":27,"column":31},"end":{"line":27,"column":null}},"13":{"start":{"line":29,"column":6},"end":{"line":30,"column":null}},"14":{"start":{"line":30,"column":8},"end":{"line":30,"column":null}},"15":{"start":{"line":33,"column":6},"end":{"line":33,"column":null}},"16":{"start":{"line":35,"column":6},"end":{"line":35,"column":null}},"17":{"start":{"line":36,"column":6},"end":{"line":36,"column":null}},"18":{"start":{"line":39,"column":6},"end":{"line":39,"column":null}},"19":{"start":{"line":40,"column":22},"end":{"line":40,"column":null}},"20":{"start":{"line":41,"column":6},"end":{"line":41,"column":null}},"21":{"start":{"line":45,"column":2},"end":{"line":76,"column":null}}},"fnMap":{"0":{"name":"(anonymous_0)","decl":{"start":{"line":9,"column":6},"end":{"line":9,"column":24}},"loc":{"start":{"line":9,"column":24},"end":{"line":76,"column":null}},"line":9},"1":{"name":"(anonymous_1)","decl":{"start":{"line":14,"column":8},"end":{"line":14,"column":24}},"loc":{"start":{"line":14,"column":30},"end":{"line":15,"column":null}},"line":14},"2":{"name":"(anonymous_2)","decl":{"start":{"line":18,"column":23},"end":{"line":18,"column":30}},"loc":{"start":{"line":18,"column":36},"end":{"line":41,"column":null}},"line":18}},"branchMap":{"0":{"loc":{"start":{"line":26,"column":33},"end":{"line":26,"column":null}},"type":"cond-expr","locations":[{"start":{"line":26,"column":45},"end":{"line":26,"column":57}},{"start":{"line":26,"column":57},"end":{"line":26,"column":null}}],"line":26},"1":{"loc":{"start":{"line":29,"column":6},"end":{"line":30,"column":null}},"type":"if","locations":[{"start":{"line":29,"column":6},"end":{"line":30,"column":null}},{"start":{},"end":{}}],"line":29},"2":{"loc":{"start":{"line":40,"column":22},"end":{"line":40,"column":null}},"type":"binary-expr","locations":[{"start":{"line":40,"column":22},"end":{"line":40,"column":55}},{"start":{"line":40,"column":55},"end":{"line":40,"column":null}}],"line":40}},"s":{"0":1,"1":15,"2":15,"3":15,"4":15,"5":10,"6":15,"7":4,"8":4,"9":4,"10":2,"11":2,"12":4,"13":4,"14":1,"15":1,"16":1,"17":1,"18":3,"19":3,"20":3,"21":15},"f":{"0":15,"1":10,"2":4},"b":{"0":[2,0],"1":[1,3],"2":[3,2]},"meta":{"lastBranch":3,"lastFunction":3,"lastStatement":22,"seen":{"s:9:6:76:Infinity":0,"f:9:6:9:24":0,"s:10:22:10:77":1,"s:11:10:11:29":2,"s:12:8:12:32":3,"s:14:8:15:Infinity":4,"f:14:8:14:24":1,"s:15:4:15:Infinity":5,"s:18:23:41:Infinity":6,"f:18:23:18:30":2,"s:19:4:19:Infinity":7,"s:21:4:41:Infinity":8,"s:22:19:22:50":9,"s:24:6:24:Infinity":10,"s:26:33:26:Infinity":11,"b:26:45:26:57:26:57:26:Infinity":0,"s:27:31:27:Infinity":12,"b:29:6:30:Infinity:undefined:undefined:undefined:undefined":1,"s:29:6:30:Infinity":13,"s:30:8:30:Infinity":14,"s:33:6:33:Infinity":15,"s:35:6:35:Infinity":16,"s:36:6:36:Infinity":17,"s:39:6:39:Infinity":18,"s:40:22:40:Infinity":19,"b:40:22:40:55:40:55:40:Infinity":2,"s:41:6:41:Infinity":20,"s:45:2:76:Infinity":21}}}
,"C:\\Users\\matia\\Desktop\\donaton-frontend\\src\\components\\auth\\RegisterForm.jsx": {"path":"C:\\Users\\matia\\Desktop\\donaton-frontend\\src\\components\\auth\\RegisterForm.jsx","statementMap":{"0":{"start":{"line":6,"column":6},"end":{"line":102,"column":null}},"1":{"start":{"line":7,"column":19},"end":{"line":12,"column":4}},"2":{"start":{"line":14,"column":18},"end":{"line":14,"column":65}},"3":{"start":{"line":16,"column":8},"end":{"line":17,"column":null}},"4":{"start":{"line":17,"column":4},"end":{"line":17,"column":null}},"5":{"start":{"line":20,"column":23},"end":{"line":34,"column":null}},"6":{"start":{"line":21,"column":4},"end":{"line":21,"column":null}},"7":{"start":{"line":22,"column":4},"end":{"line":22,"column":null}},"8":{"start":{"line":24,"column":4},"end":{"line":34,"column":null}},"9":{"start":{"line":26,"column":19},"end":{"line":26,"column":43}},"10":{"start":{"line":28,"column":6},"end":{"line":28,"column":null}},"11":{"start":{"line":29,"column":6},"end":{"line":29,"column":null}},"12":{"start":{"line":32,"column":6},"end":{"line":32,"column":null}},"13":{"start":{"line":33,"column":23},"end":{"line":33,"column":null}},"14":{"start":{"line":34,"column":6},"end":{"line":34,"column":null}},"15":{"start":{"line":38,"column":2},"end":{"line":102,"column":null}}},"fnMap":{"0":{"name":"(anonymous_0)","decl":{"start":{"line":6,"column":6},"end":{"line":6,"column":27}},"loc":{"start":{"line":6,"column":27},"end":{"line":102,"column":null}},"line":6},"1":{"name":"(anonymous_1)","decl":{"start":{"line":16,"column":8},"end":{"line":16,"column":24}},"loc":{"start":{"line":16,"column":30},"end":{"line":17,"column":null}},"line":16},"2":{"name":"(anonymous_2)","decl":{"start":{"line":20,"column":23},"end":{"line":20,"column":30}},"loc":{"start":{"line":20,"column":36},"end":{"line":34,"column":null}},"line":20}},"branchMap":{"0":{"loc":{"start":{"line":33,"column":23},"end":{"line":33,"column":null}},"type":"binary-expr","locations":[{"start":{"line":33,"column":23},"end":{"line":33,"column":56}},{"start":{"line":33,"column":56},"end":{"line":33,"column":null}}],"line":33},"1":{"loc":{"start":{"line":43,"column":7},"end":{"line":46,"column":null}},"type":"binary-expr","locations":[{"start":{"line":43,"column":7},"end":{"line":43,"column":null}},{"start":{"line":44,"column":8},"end":{"line":46,"column":null}}],"line":43}},"s":{"0":1,"1":22,"2":22,"3":22,"4":12,"5":22,"6":3,"7":3,"8":3,"9":3,"10":1,"11":1,"12":2,"13":2,"14":2,"15":22},"f":{"0":22,"1":12,"2":3},"b":{"0":[2,1],"1":[22,6]},"meta":{"lastBranch":2,"lastFunction":3,"lastStatement":16,"seen":{"s:6:6:102:Infinity":0,"f:6:6:6:27":0,"s:7:19:12:4":1,"s:14:18:14:65":2,"s:16:8:17:Infinity":3,"f:16:8:16:24":1,"s:17:4:17:Infinity":4,"s:20:23:34:Infinity":5,"f:20:23:20:30":2,"s:21:4:21:Infinity":6,"s:22:4:22:Infinity":7,"s:24:4:34:Infinity":8,"s:26:19:26:43":9,"s:28:6:28:Infinity":10,"s:29:6:29:Infinity":11,"s:32:6:32:Infinity":12,"s:33:23:33:Infinity":13,"b:33:23:33:56:33:56:33:Infinity":0,"s:34:6:34:Infinity":14,"s:38:2:102:Infinity":15,"b:43:7:43:Infinity:44:8:46:Infinity":1}}}
,"C:\\Users\\matia\\Desktop\\donaton-frontend\\src\\components\\layout\\Footer.jsx": {"path":"C:\\Users\\matia\\Desktop\\donaton-frontend\\src\\components\\layout\\Footer.jsx","statementMap":{"0":{"start":{"line":5,"column":6},"end":{"line":20,"column":null}},"1":{"start":{"line":6,"column":2},"end":{"line":20,"column":null}}},"fnMap":{"0":{"name":"(anonymous_0)","decl":{"start":{"line":5,"column":6},"end":{"line":5,"column":21}},"loc":{"start":{"line":5,"column":21},"end":{"line":20,"column":null}},"line":5}},"branchMap":{},"s":{"0":1,"1":5},"f":{"0":5},"b":{},"meta":{"lastBranch":0,"lastFunction":1,"lastStatement":2,"seen":{"s:5:6:20:Infinity":0,"f:5:6:5:21":0,"s:6:2:20:Infinity":1}}}
,"C:\\Users\\matia\\Desktop\\donaton-frontend\\src\\components\\layout\\Layout.jsx": {"path":"C:\\Users\\matia\\Desktop\\donaton-frontend\\src\\components\\layout\\Layout.jsx","statementMap":{"0":{"start":{"line":7,"column":6},"end":{"line":14,"column":null}},"1":{"start":{"line":8,"column":2},"end":{"line":14,"column":null}}},"fnMap":{"0":{"name":"(anonymous_0)","decl":{"start":{"line":7,"column":6},"end":{"line":7,"column":21}},"loc":{"start":{"line":7,"column":21},"end":{"line":14,"column":null}},"line":7}},"branchMap":{},"s":{"0":1,"1":2},"f":{"0":2},"b":{},"meta":{"lastBranch":0,"lastFunction":1,"lastStatement":2,"seen":{"s:7:6:14:Infinity":0,"f:7:6:7:21":0,"s:8:2:14:Infinity":1}}}
,"C:\\Users\\matia\\Desktop\\donaton-frontend\\src\\components\\layout\\Navbar.jsx": {"path":"C:\\Users\\matia\\Desktop\\donaton-frontend\\src\\components\\layout\\Navbar.jsx","statementMap":{"0":{"start":{"line":7,"column":6},"end":{"line":46,"column":null}},"1":{"start":{"line":8,"column":19},"end":{"line":8,"column":39}},"2":{"start":{"line":9,"column":8},"end":{"line":9,"column":32}},"3":{"start":{"line":11,"column":8},"end":{"line":13,"column":null}},"4":{"start":{"line":12,"column":4},"end":{"line":12,"column":null}},"5":{"start":{"line":13,"column":4},"end":{"line":13,"column":null}},"6":{"start":{"line":16,"column":2},"end":{"line":46,"column":null}}},"fnMap":{"0":{"name":"(anonymous_0)","decl":{"start":{"line":7,"column":6},"end":{"line":7,"column":21}},"loc":{"start":{"line":7,"column":21},"end":{"line":46,"column":null}},"line":7},"1":{"name":"(anonymous_1)","decl":{"start":{"line":11,"column":8},"end":{"line":11,"column":29}},"loc":{"start":{"line":11,"column":29},"end":{"line":13,"column":null}},"line":11}},"branchMap":{"0":{"loc":{"start":{"line":27,"column":9},"end":{"line":46,"column":null}},"type":"cond-expr","locations":[{"start":{"line":28,"column":10},"end":{"line":42,"column":null}},{"start":{"line":44,"column":10},"end":{"line":46,"column":null}}],"line":27}},"s":{"0":1,"1":4,"2":4,"3":4,"4":1,"5":1,"6":4},"f":{"0":4,"1":1},"b":{"0":[2,2]},"meta":{"lastBranch":1,"lastFunction":2,"lastStatement":7,"seen":{"s:7:6:46:Infinity":0,"f:7:6:7:21":0,"s:8:19:8:39":1,"s:9:8:9:32":2,"s:11:8:13:Infinity":3,"f:11:8:11:29":1,"s:12:4:12:Infinity":4,"s:13:4:13:Infinity":5,"s:16:2:46:Infinity":6,"b:28:10:42:Infinity:44:10:46:Infinity":0}}}
,"C:\\Users\\matia\\Desktop\\donaton-frontend\\src\\components\\ui\\Badge.jsx": {"path":"C:\\Users\\matia\\Desktop\\donaton-frontend\\src\\components\\ui\\Badge.jsx","statementMap":{"0":{"start":{"line":4,"column":6},"end":{"line":8,"column":null}},"1":{"start":{"line":5,"column":2},"end":{"line":8,"column":null}}},"fnMap":{"0":{"name":"(anonymous_0)","decl":{"start":{"line":4,"column":6},"end":{"line":4,"column":15}},"loc":{"start":{"line":4,"column":54},"end":{"line":8,"column":null}},"line":4}},"branchMap":{"0":{"loc":{"start":{"line":4,"column":27},"end":{"line":4,"column":54}},"type":"default-arg","locations":[{"start":{"line":4,"column":37},"end":{"line":4,"column":54}}],"line":4}},"s":{"0":3,"1":9},"f":{"0":9},"b":{"0":[9]},"meta":{"lastBranch":1,"lastFunction":1,"lastStatement":2,"seen":{"s:4:6:8:Infinity":0,"f:4:6:4:15":0,"b:4:37:4:54":0,"s:5:2:8:Infinity":1}}}
,"C:\\Users\\matia\\Desktop\\donaton-frontend\\src\\components\\ui\\Button.jsx": {"path":"C:\\Users\\matia\\Desktop\\donaton-frontend\\src\\components\\ui\\Button.jsx","statementMap":{"0":{"start":{"line":4,"column":6},"end":{"line":13,"column":null}},"1":{"start":{"line":5,"column":2},"end":{"line":13,"column":null}}},"fnMap":{"0":{"name":"(anonymous_0)","decl":{"start":{"line":4,"column":6},"end":{"line":4,"column":16}},"loc":{"start":{"line":4,"column":98},"end":{"line":13,"column":null}},"line":4}},"branchMap":{"0":{"loc":{"start":{"line":4,"column":28},"end":{"line":4,"column":49}},"type":"default-arg","locations":[{"start":{"line":4,"column":38},"end":{"line":4,"column":49}}],"line":4},"1":{"loc":{"start":{"line":4,"column":58},"end":{"line":4,"column":75}},"type":"default-arg","locations":[{"start":{"line":4,"column":65},"end":{"line":4,"column":75}}],"line":4},"2":{"loc":{"start":{"line":4,"column":75},"end":{"line":4,"column":98}},"type":"default-arg","locations":[{"start":{"line":4,"column":86},"end":{"line":4,"column":98}}],"line":4}},"s":{"0":5,"1":76},"f":{"0":76},"b":{"0":[76],"1":[76],"2":[76]},"meta":{"lastBranch":3,"lastFunction":1,"lastStatement":2,"seen":{"s:4:6:13:Infinity":0,"f:4:6:4:16":0,"b:4:38:4:49":0,"b:4:65:4:75":1,"b:4:86:4:98":2,"s:5:2:13:Infinity":1}}}
,"C:\\Users\\matia\\Desktop\\donaton-frontend\\src\\components\\ui\\Card.jsx": {"path":"C:\\Users\\matia\\Desktop\\donaton-frontend\\src\\components\\ui\\Card.jsx","statementMap":{"0":{"start":{"line":4,"column":6},"end":{"line":5,"column":null}},"1":{"start":{"line":5,"column":2},"end":{"line":5,"column":null}}},"fnMap":{"0":{"name":"(anonymous_0)","decl":{"start":{"line":4,"column":6},"end":{"line":4,"column":14}},"loc":{"start":{"line":4,"column":47},"end":{"line":5,"column":null}},"line":4}},"branchMap":{"0":{"loc":{"start":{"line":4,"column":26},"end":{"line":4,"column":47}},"type":"default-arg","locations":[{"start":{"line":4,"column":38},"end":{"line":4,"column":47}}],"line":4}},"s":{"0":5,"1":39},"f":{"0":39},"b":{"0":[39]},"meta":{"lastBranch":1,"lastFunction":1,"lastStatement":2,"seen":{"s:4:6:5:Infinity":0,"f:4:6:4:14":0,"b:4:38:4:47":0,"s:5:2:5:Infinity":1}}}
,"C:\\Users\\matia\\Desktop\\donaton-frontend\\src\\context\\AuthContext.jsx": {"path":"C:\\Users\\matia\\Desktop\\donaton-frontend\\src\\context\\AuthContext.jsx","statementMap":{"0":{"start":{"line":3,"column":13},"end":{"line":3,"column":42}},"1":{"start":{"line":6,"column":18},"end":{"line":6,"column":46}},"2":{"start":{"line":7,"column":16},"end":{"line":7,"column":75}},"3":{"start":{"line":8,"column":18},"end":{"line":8,"column":46}},"4":{"start":{"line":10,"column":2},"end":{"line":31,"column":null}},"5":{"start":{"line":11,"column":10},"end":{"line":26,"column":null}},"6":{"start":{"line":12,"column":6},"end":{"line":26,"column":null}},"7":{"start":{"line":13,"column":32},"end":{"line":13,"column":63}},"8":{"start":{"line":14,"column":30},"end":{"line":14,"column":59}},"9":{"start":{"line":16,"column":8},"end":{"line":20,"column":null}},"10":{"start":{"line":17,"column":10},"end":{"line":17,"column":null}},"11":{"start":{"line":18,"column":10},"end":{"line":18,"column":null}},"12":{"start":{"line":20,"column":10},"end":{"line":20,"column":null}},"13":{"start":{"line":23,"column":8},"end":{"line":23,"column":null}},"14":{"start":{"line":24,"column":8},"end":{"line":24,"column":null}},"15":{"start":{"line":26,"column":8},"end":{"line":26,"column":null}},"16":{"start":{"line":30,"column":4},"end":{"line":30,"column":null}},"17":{"start":{"line":33,"column":8},"end":{"line":52,"column":null}},"18":{"start":{"line":34,"column":4},"end":{"line":36,"column":null}},"19":{"start":{"line":35,"column":6},"end":{"line":35,"column":null}},"20":{"start":{"line":36,"column":6},"end":{"line":36,"column":null}},"21":{"start":{"line":40,"column":31},"end":{"line":46,"column":null}},"22":{"start":{"line":48,"column":4},"end":{"line":48,"column":null}},"23":{"start":{"line":49,"column":4},"end":{"line":49,"column":null}},"24":{"start":{"line":51,"column":4},"end":{"line":51,"column":null}},"25":{"start":{"line":52,"column":4},"end":{"line":52,"column":null}},"26":{"start":{"line":55,"column":8},"end":{"line":59,"column":null}},"27":{"start":{"line":56,"column":4},"end":{"line":56,"column":null}},"28":{"start":{"line":57,"column":4},"end":{"line":57,"column":null}},"29":{"start":{"line":58,"column":4},"end":{"line":58,"column":null}},"30":{"start":{"line":59,"column":4},"end":{"line":59,"column":null}},"31":{"start":{"line":62,"column":2},"end":{"line":62,"column":null}},"32":{"start":{"line":62,"column":15},"end":{"line":62,"column":null}},"33":{"start":{"line":64,"column":2},"end":{"line":67,"column":null}},"34":{"start":{"line":71,"column":13},"end":{"line":71,"column":52}}},"fnMap":{"0":{"name":"AuthProvider","decl":{"start":{"line":5,"column":16},"end":{"line":5,"column":29}},"loc":{"start":{"line":5,"column":43},"end":{"line":67,"column":null}},"line":5},"1":{"name":"(anonymous_1)","decl":{"start":{"line":10,"column":2},"end":{"line":10,"column":18}},"loc":{"start":{"line":10,"column":18},"end":{"line":31,"column":7}},"line":10},"2":{"name":"(anonymous_2)","decl":{"start":{"line":11,"column":10},"end":{"line":11,"column":30}},"loc":{"start":{"line":11,"column":30},"end":{"line":26,"column":null}},"line":11},"3":{"name":"(anonymous_3)","decl":{"start":{"line":33,"column":8},"end":{"line":33,"column":17}},"loc":{"start":{"line":33,"column":42},"end":{"line":52,"column":null}},"line":33},"4":{"name":"(anonymous_4)","decl":{"start":{"line":55,"column":8},"end":{"line":55,"column":23}},"loc":{"start":{"line":55,"column":23},"end":{"line":59,"column":null}},"line":55},"5":{"name":"(anonymous_5)","decl":{"start":{"line":71,"column":13},"end":{"line":71,"column":29}},"loc":{"start":{"line":71,"column":13},"end":{"line":71,"column":52}},"line":71}},"branchMap":{"0":{"loc":{"start":{"line":7,"column":37},"end":{"line":7,"column":75}},"type":"binary-expr","locations":[{"start":{"line":7,"column":37},"end":{"line":7,"column":66}},{"start":{"line":7,"column":70},"end":{"line":7,"column":75}}],"line":7},"1":{"loc":{"start":{"line":16,"column":8},"end":{"line":20,"column":null}},"type":"if","locations":[{"start":{"line":16,"column":8},"end":{"line":20,"column":null}},{"start":{"line":19,"column":15},"end":{"line":20,"column":null}}],"line":16},"2":{"loc":{"start":{"line":16,"column":12},"end":{"line":16,"column":114}},"type":"binary-expr","locations":[{"start":{"line":16,"column":12},"end":{"line":16,"column":31}},{"start":{"line":16,"column":31},"end":{"line":16,"column":66}},{"start":{"line":16,"column":66},"end":{"line":16,"column":83}},{"start":{"line":16,"column":83},"end":{"line":16,"column":114}}],"line":16},"3":{"loc":{"start":{"line":34,"column":4},"end":{"line":36,"column":null}},"type":"if","locations":[{"start":{"line":34,"column":4},"end":{"line":36,"column":null}},{"start":{},"end":{}}],"line":34},"4":{"loc":{"start":{"line":34,"column":8},"end":{"line":34,"column":34}},"type":"binary-expr","locations":[{"start":{"line":34,"column":8},"end":{"line":34,"column":18}},{"start":{"line":34,"column":18},"end":{"line":34,"column":34}}],"line":34},"5":{"loc":{"start":{"line":43,"column":17},"end":{"line":43,"column":null}},"type":"binary-expr","locations":[{"start":{"line":43,"column":17},"end":{"line":43,"column":36}},{"start":{"line":43,"column":36},"end":{"line":43,"column":48}},{"start":{"line":43,"column":48},"end":{"line":43,"column":null}}],"line":43},"6":{"loc":{"start":{"line":45,"column":14},"end":{"line":45,"column":null}},"type":"binary-expr","locations":[{"start":{"line":45,"column":14},"end":{"line":45,"column":30}},{"start":{"line":45,"column":30},"end":{"line":45,"column":56}},{"start":{"line":45,"column":56},"end":{"line":45,"column":81}},{"start":{"line":45,"column":81},"end":{"line":45,"column":null}}],"line":45},"7":{"loc":{"start":{"line":62,"column":2},"end":{"line":62,"column":null}},"type":"if","locations":[{"start":{"line":62,"column":2},"end":{"line":62,"column":null}},{"start":{},"end":{}}],"line":62}},"s":{"0":6,"1":12,"2":12,"3":12,"4":12,"5":5,"6":5,"7":5,"8":5,"9":5,"10":1,"11":1,"12":4,"13":0,"14":0,"15":5,"16":5,"17":12,"18":1,"19":0,"20":0,"21":1,"22":1,"23":1,"24":1,"25":1,"26":12,"27":5,"28":5,"29":5,"30":5,"31":12,"32":5,"33":7,"34":55},"f":{"0":12,"1":5,"2":5,"3":1,"4":5,"5":55},"b":{"0":[12,7],"1":[1,4],"2":[5,2,1,1],"3":[0,1],"4":[1,1],"5":[1,0,0],"6":[1,0,0,0],"7":[5,7]},"meta":{"lastBranch":8,"lastFunction":6,"lastStatement":35,"seen":{"s:3:13:3:42":0,"f:5:16:5:29":0,"s:6:18:6:46":1,"s:7:16:7:75":2,"b:7:37:7:66:7:70:7:75":0,"s:8:18:8:46":3,"s:10:2:31:Infinity":4,"f:10:2:10:18":1,"s:11:10:26:Infinity":5,"f:11:10:11:30":2,"s:12:6:26:Infinity":6,"s:13:32:13:63":7,"s:14:30:14:59":8,"b:16:8:20:Infinity:19:15:20:Infinity":1,"s:16:8:20:Infinity":9,"b:16:12:16:31:16:31:16:66:16:66:16:83:16:83:16:114":2,"s:17:10:17:Infinity":10,"s:18:10:18:Infinity":11,"s:20:10:20:Infinity":12,"s:23:8:23:Infinity":13,"s:24:8:24:Infinity":14,"s:26:8:26:Infinity":15,"s:30:4:30:Infinity":16,"s:33:8:52:Infinity":17,"f:33:8:33:17":3,"b:34:4:36:Infinity:undefined:undefined:undefined:undefined":3,"s:34:4:36:Infinity":18,"b:34:8:34:18:34:18:34:34":4,"s:35:6:35:Infinity":19,"s:36:6:36:Infinity":20,"s:40:31:46:Infinity":21,"b:43:17:43:36:43:36:43:48:43:48:43:Infinity":5,"b:45:14:45:30:45:30:45:56:45:56:45:81:45:81:45:Infinity":6,"s:48:4:48:Infinity":22,"s:49:4:49:Infinity":23,"s:51:4:51:Infinity":24,"s:52:4:52:Infinity":25,"s:55:8:59:Infinity":26,"f:55:8:55:23":4,"s:56:4:56:Infinity":27,"s:57:4:57:Infinity":28,"s:58:4:58:Infinity":29,"s:59:4:59:Infinity":30,"b:62:2:62:Infinity:undefined:undefined:undefined:undefined":7,"s:62:2:62:Infinity":31,"s:62:15:62:Infinity":32,"s:64:2:67:Infinity":33,"s:71:13:71:52":34,"f:71:13:71:29":5}}}
,"C:\\Users\\matia\\Desktop\\donaton-frontend\\src\\pages\\CentrosPage.jsx": {"path":"C:\\Users\\matia\\Desktop\\donaton-frontend\\src\\pages\\CentrosPage.jsx","statementMap":{"0":{"start":{"line":7,"column":6},"end":{"line":58,"column":null}},"1":{"start":{"line":8,"column":18},"end":{"line":8,"column":44}},"2":{"start":{"line":9,"column":18},"end":{"line":9,"column":46}},"3":{"start":{"line":11,"column":2},"end":{"line":29,"column":null}},"4":{"start":{"line":12,"column":25},"end":{"line":24,"column":null}},"5":{"start":{"line":13,"column":6},"end":{"line":24,"column":null}},"6":{"start":{"line":14,"column":8},"end":{"line":14,"column":null}},"7":{"start":{"line":16,"column":25},"end":{"line":16,"column":68}},"8":{"start":{"line":18,"column":8},"end":{"line":18,"column":null}},"9":{"start":{"line":20,"column":8},"end":{"line":20,"column":null}},"10":{"start":{"line":22,"column":8},"end":{"line":22,"column":null}},"11":{"start":{"line":24,"column":8},"end":{"line":24,"column":null}},"12":{"start":{"line":28,"column":4},"end":{"line":28,"column":null}},"13":{"start":{"line":31,"column":2},"end":{"line":31,"column":null}},"14":{"start":{"line":31,"column":15},"end":{"line":31,"column":null}},"15":{"start":{"line":33,"column":2},"end":{"line":58,"column":null}},"16":{"start":{"line":42,"column":12},"end":{"line":53,"column":null}}},"fnMap":{"0":{"name":"(anonymous_0)","decl":{"start":{"line":7,"column":6},"end":{"line":7,"column":26}},"loc":{"start":{"line":7,"column":26},"end":{"line":58,"column":null}},"line":7},"1":{"name":"(anonymous_1)","decl":{"start":{"line":11,"column":2},"end":{"line":11,"column":18}},"loc":{"start":{"line":11,"column":18},"end":{"line":29,"column":7}},"line":11},"2":{"name":"(anonymous_2)","decl":{"start":{"line":12,"column":25},"end":{"line":12,"column":37}},"loc":{"start":{"line":12,"column":37},"end":{"line":24,"column":null}},"line":12},"3":{"name":"(anonymous_3)","decl":{"start":{"line":41,"column":18},"end":{"line":41,"column":22}},"loc":{"start":{"line":42,"column":12},"end":{"line":53,"column":null}},"line":42}},"branchMap":{"0":{"loc":{"start":{"line":31,"column":2},"end":{"line":31,"column":null}},"type":"if","locations":[{"start":{"line":31,"column":2},"end":{"line":31,"column":null}},{"start":{},"end":{}}],"line":31},"1":{"loc":{"start":{"line":40,"column":9},"end":{"line":56,"column":null}},"type":"cond-expr","locations":[{"start":{"line":41,"column":10},"end":{"line":53,"column":null}},{"start":{"line":56,"column":10},"end":{"line":56,"column":null}}],"line":40},"2":{"loc":{"start":{"line":49,"column":32},"end":{"line":49,"column":null}},"type":"cond-expr","locations":[{"start":{"line":49,"column":48},"end":{"line":49,"column":59}},{"start":{"line":49,"column":59},"end":{"line":49,"column":null}}],"line":49},"3":{"loc":{"start":{"line":50,"column":19},"end":{"line":50,"column":null}},"type":"cond-expr","locations":[{"start":{"line":50,"column":35},"end":{"line":50,"column":46}},{"start":{"line":50,"column":46},"end":{"line":50,"column":null}}],"line":50}},"s":{"0":1,"1":7,"2":7,"3":7,"4":4,"5":4,"6":4,"7":4,"8":2,"9":2,"10":1,"11":3,"12":4,"13":7,"14":4,"15":3,"16":2},"f":{"0":7,"1":4,"2":4,"3":2},"b":{"0":[4,3],"1":[1,2],"2":[1,1],"3":[1,1]},"meta":{"lastBranch":4,"lastFunction":4,"lastStatement":17,"seen":{"s:7:6:58:Infinity":0,"f:7:6:7:26":0,"s:8:18:8:44":1,"s:9:18:9:46":2,"s:11:2:29:Infinity":3,"f:11:2:11:18":1,"s:12:25:24:Infinity":4,"f:12:25:12:37":2,"s:13:6:24:Infinity":5,"s:14:8:14:Infinity":6,"s:16:25:16:68":7,"s:18:8:18:Infinity":8,"s:20:8:20:Infinity":9,"s:22:8:22:Infinity":10,"s:24:8:24:Infinity":11,"s:28:4:28:Infinity":12,"b:31:2:31:Infinity:undefined:undefined:undefined:undefined":0,"s:31:2:31:Infinity":13,"s:31:15:31:Infinity":14,"s:33:2:58:Infinity":15,"b:41:10:53:Infinity:56:10:56:Infinity":1,"f:41:18:41:22":3,"s:42:12:53:Infinity":16,"b:49:48:49:59:49:59:49:Infinity":2,"b:50:35:50:46:50:46:50:Infinity":3}}}
,"C:\\Users\\matia\\Desktop\\donaton-frontend\\src\\pages\\DashboardPage.jsx": {"path":"C:\\Users\\matia\\Desktop\\donaton-frontend\\src\\pages\\DashboardPage.jsx","statementMap":{"0":{"start":{"line":6,"column":6},"end":{"line":40,"column":null}},"1":{"start":{"line":7,"column":23},"end":{"line":11,"column":null}},"2":{"start":{"line":13,"column":2},"end":{"line":40,"column":null}}},"fnMap":{"0":{"name":"(anonymous_0)","decl":{"start":{"line":6,"column":6},"end":{"line":6,"column":28}},"loc":{"start":{"line":6,"column":28},"end":{"line":40,"column":null}},"line":6}},"branchMap":{},"s":{"0":1,"1":4,"2":4},"f":{"0":4},"b":{},"meta":{"lastBranch":0,"lastFunction":1,"lastStatement":3,"seen":{"s:6:6:40:Infinity":0,"f:6:6:6:28":0,"s:7:23:11:Infinity":1,"s:13:2:40:Infinity":2}}}
,"C:\\Users\\matia\\Desktop\\donaton-frontend\\src\\pages\\DonacionesPage.jsx": {"path":"C:\\Users\\matia\\Desktop\\donaton-frontend\\src\\pages\\DonacionesPage.jsx","statementMap":{"0":{"start":{"line":8,"column":6},"end":{"line":62,"column":null}},"1":{"start":{"line":9,"column":16},"end":{"line":30,"column":null}},"2":{"start":{"line":32,"column":2},"end":{"line":62,"column":null}},"3":{"start":{"line":41,"column":10},"end":{"line":45,"column":null}}},"fnMap":{"0":{"name":"(anonymous_0)","decl":{"start":{"line":8,"column":6},"end":{"line":8,"column":29}},"loc":{"start":{"line":8,"column":29},"end":{"line":62,"column":null}},"line":8},"1":{"name":"(anonymous_1)","decl":{"start":{"line":40,"column":15},"end":{"line":40,"column":20}},"loc":{"start":{"line":41,"column":10},"end":{"line":45,"column":null}},"line":41}},"branchMap":{},"s":{"0":1,"1":4,"2":4,"3":16},"f":{"0":4,"1":16},"b":{},"meta":{"lastBranch":0,"lastFunction":2,"lastStatement":4,"seen":{"s:8:6:62:Infinity":0,"f:8:6:8:29":0,"s:9:16:30:Infinity":1,"s:32:2:62:Infinity":2,"f:40:15:40:20":1,"s:41:10:45:Infinity":3}}}
,"C:\\Users\\matia\\Desktop\\donaton-frontend\\src\\pages\\LandingPage.jsx": {"path":"C:\\Users\\matia\\Desktop\\donaton-frontend\\src\\pages\\LandingPage.jsx","statementMap":{"0":{"start":{"line":7,"column":6},"end":{"line":64,"column":null}},"1":{"start":{"line":8,"column":10},"end":{"line":8,"column":31}},"2":{"start":{"line":10,"column":2},"end":{"line":64,"column":null}}},"fnMap":{"0":{"name":"(anonymous_0)","decl":{"start":{"line":7,"column":6},"end":{"line":7,"column":26}},"loc":{"start":{"line":7,"column":26},"end":{"line":64,"column":null}},"line":7}},"branchMap":{"0":{"loc":{"start":{"line":14,"column":11},"end":{"line":14,"column":null}},"type":"cond-expr","locations":[{"start":{"line":14,"column":21},"end":{"line":14,"column":60}},{"start":{"line":14,"column":60},"end":{"line":14,"column":null}}],"line":14},"1":{"loc":{"start":{"line":18,"column":11},"end":{"line":20,"column":null}},"type":"cond-expr","locations":[{"start":{"line":19,"column":14},"end":{"line":19,"column":null}},{"start":{"line":20,"column":14},"end":{"line":20,"column":null}}],"line":18},"2":{"loc":{"start":{"line":25,"column":11},"end":{"line":42,"column":null}},"type":"cond-expr","locations":[{"start":{"line":26,"column":12},"end":{"line":32,"column":13}},{"start":{"line":32,"column":12},"end":{"line":42,"column":null}}],"line":25}},"s":{"0":1,"1":3,"2":3},"f":{"0":3},"b":{"0":[1,2],"1":[1,2],"2":[1,2]},"meta":{"lastBranch":3,"lastFunction":1,"lastStatement":3,"seen":{"s:7:6:64:Infinity":0,"f:7:6:7:26":0,"s:8:10:8:31":1,"s:10:2:64:Infinity":2,"b:14:21:14:60:14:60:14:Infinity":0,"b:19:14:19:Infinity:20:14:20:Infinity":1,"b:26:12:32:13:32:12:42:Infinity":2}}}
,"C:\\Users\\matia\\Desktop\\donaton-frontend\\src\\pages\\LoginPage.jsx": {"path":"C:\\Users\\matia\\Desktop\\donaton-frontend\\src\\pages\\LoginPage.jsx","statementMap":{"0":{"start":{"line":5,"column":6},"end":{"line":9,"column":null}},"1":{"start":{"line":6,"column":2},"end":{"line":9,"column":null}}},"fnMap":{"0":{"name":"(anonymous_0)","decl":{"start":{"line":5,"column":6},"end":{"line":5,"column":24}},"loc":{"start":{"line":5,"column":24},"end":{"line":9,"column":null}},"line":5}},"branchMap":{},"s":{"0":0,"1":0},"f":{"0":0},"b":{},"meta":{"lastBranch":0,"lastFunction":1,"lastStatement":2,"seen":{"s:5:6:9:Infinity":0,"f:5:6:5:24":0,"s:6:2:9:Infinity":1}}}
,"C:\\Users\\matia\\Desktop\\donaton-frontend\\src\\pages\\MisDonacionesPage.jsx": {"path":"C:\\Users\\matia\\Desktop\\donaton-frontend\\src\\pages\\MisDonacionesPage.jsx","statementMap":{"0":{"start":{"line":8,"column":6},"end":{"line":53,"column":null}},"1":{"start":{"line":9,"column":10},"end":{"line":9,"column":31}},"2":{"start":{"line":10,"column":21},"end":{"line":10,"column":50}},"3":{"start":{"line":11,"column":18},"end":{"line":11,"column":46}},"4":{"start":{"line":13,"column":2},"end":{"line":25,"column":null}},"5":{"start":{"line":14,"column":28},"end":{"line":21,"column":null}},"6":{"start":{"line":15,"column":6},"end":{"line":21,"column":null}},"7":{"start":{"line":16,"column":21},"end":{"line":16,"column":65}},"8":{"start":{"line":17,"column":8},"end":{"line":17,"column":null}},"9":{"start":{"line":19,"column":8},"end":{"line":19,"column":null}},"10":{"start":{"line":21,"column":8},"end":{"line":21,"column":null}},"11":{"start":{"line":24,"column":4},"end":{"line":24,"column":null}},"12":{"start":{"line":24,"column":28},"end":{"line":24,"column":null}},"13":{"start":{"line":27,"column":2},"end":{"line":27,"column":null}},"14":{"start":{"line":27,"column":15},"end":{"line":27,"column":null}},"15":{"start":{"line":29,"column":2},"end":{"line":53,"column":null}},"16":{"start":{"line":40,"column":12},"end":{"line":50,"column":null}}},"fnMap":{"0":{"name":"(anonymous_0)","decl":{"start":{"line":8,"column":6},"end":{"line":8,"column":32}},"loc":{"start":{"line":8,"column":32},"end":{"line":53,"column":null}},"line":8},"1":{"name":"(anonymous_1)","decl":{"start":{"line":13,"column":2},"end":{"line":13,"column":18}},"loc":{"start":{"line":13,"column":18},"end":{"line":25,"column":6}},"line":13},"2":{"name":"(anonymous_2)","decl":{"start":{"line":14,"column":28},"end":{"line":14,"column":40}},"loc":{"start":{"line":14,"column":40},"end":{"line":21,"column":null}},"line":14},"3":{"name":"(anonymous_3)","decl":{"start":{"line":39,"column":21},"end":{"line":39,"column":26}},"loc":{"start":{"line":40,"column":12},"end":{"line":50,"column":null}},"line":40}},"branchMap":{"0":{"loc":{"start":{"line":24,"column":4},"end":{"line":24,"column":null}},"type":"if","locations":[{"start":{"line":24,"column":4},"end":{"line":24,"column":null}},{"start":{},"end":{}}],"line":24},"1":{"loc":{"start":{"line":27,"column":2},"end":{"line":27,"column":null}},"type":"if","locations":[{"start":{"line":27,"column":2},"end":{"line":27,"column":null}},{"start":{},"end":{}}],"line":27},"2":{"loc":{"start":{"line":36,"column":9},"end":{"line":50,"column":null}},"type":"cond-expr","locations":[{"start":{"line":37,"column":10},"end":{"line":39,"column":21}},{"start":{"line":39,"column":10},"end":{"line":50,"column":null}}],"line":36}},"s":{"0":1,"1":2,"2":2,"3":2,"4":2,"5":1,"6":1,"7":1,"8":1,"9":0,"10":1,"11":1,"12":1,"13":2,"14":1,"15":1,"16":1},"f":{"0":2,"1":1,"2":1,"3":1},"b":{"0":[1,0],"1":[1,1],"2":[0,1]},"meta":{"lastBranch":3,"lastFunction":4,"lastStatement":17,"seen":{"s:8:6:53:Infinity":0,"f:8:6:8:32":0,"s:9:10:9:31":1,"s:10:21:10:50":2,"s:11:18:11:46":3,"s:13:2:25:Infinity":4,"f:13:2:13:18":1,"s:14:28:21:Infinity":5,"f:14:28:14:40":2,"s:15:6:21:Infinity":6,"s:16:21:16:65":7,"s:17:8:17:Infinity":8,"s:19:8:19:Infinity":9,"s:21:8:21:Infinity":10,"b:24:4:24:Infinity:undefined:undefined:undefined:undefined":0,"s:24:4:24:Infinity":11,"s:24:28:24:Infinity":12,"b:27:2:27:Infinity:undefined:undefined:undefined:undefined":1,"s:27:2:27:Infinity":13,"s:27:15:27:Infinity":14,"s:29:2:53:Infinity":15,"b:37:10:39:21:39:10:50:Infinity":2,"f:39:21:39:26":3,"s:40:12:50:Infinity":16}}}
,"C:\\Users\\matia\\Desktop\\donaton-frontend\\src\\pages\\NuevaDonacionPage.jsx": {"path":"C:\\Users\\matia\\Desktop\\donaton-frontend\\src\\pages\\NuevaDonacionPage.jsx","statementMap":{"0":{"start":{"line":9,"column":6},"end":{"line":160,"column":null}},"1":{"start":{"line":10,"column":8},"end":{"line":10,"column":32}},"2":{"start":{"line":11,"column":10},"end":{"line":11,"column":31}},"3":{"start":{"line":12,"column":18},"end":{"line":12,"column":44}},"4":{"start":{"line":13,"column":18},"end":{"line":13,"column":47}},"5":{"start":{"line":15,"column":19},"end":{"line":22,"column":4}},"6":{"start":{"line":24,"column":2},"end":{"line":34,"column":null}},"7":{"start":{"line":25,"column":26},"end":{"line":30,"column":null}},"8":{"start":{"line":26,"column":6},"end":{"line":30,"column":null}},"9":{"start":{"line":27,"column":21},"end":{"line":27,"column":39}},"10":{"start":{"line":28,"column":8},"end":{"line":28,"column":null}},"11":{"start":{"line":30,"column":8},"end":{"line":30,"column":null}},"12":{"start":{"line":33,"column":4},"end":{"line":33,"column":null}},"13":{"start":{"line":36,"column":8},"end":{"line":37,"column":null}},"14":{"start":{"line":37,"column":4},"end":{"line":37,"column":null}},"15":{"start":{"line":40,"column":23},"end":{"line":72,"column":null}},"16":{"start":{"line":41,"column":4},"end":{"line":41,"column":null}},"17":{"start":{"line":42,"column":4},"end":{"line":42,"column":null}},"18":{"start":{"line":44,"column":4},"end":{"line":72,"column":null}},"19":{"start":{"line":45,"column":6},"end":{"line":48,"column":null}},"20":{"start":{"line":46,"column":8},"end":{"line":46,"column":null}},"21":{"start":{"line":47,"column":8},"end":{"line":47,"column":null}},"22":{"start":{"line":48,"column":8},"end":{"line":48,"column":null}},"23":{"start":{"line":51,"column":22},"end":{"line":59,"column":null}},"24":{"start":{"line":61,"column":6},"end":{"line":61,"column":null}},"25":{"start":{"line":62,"column":6},"end":{"line":62,"column":null}},"26":{"start":{"line":64,"column":6},"end":{"line":64,"column":null}},"27":{"start":{"line":65,"column":6},"end":{"line":65,"column":null}},"28":{"start":{"line":68,"column":6},"end":{"line":68,"column":null}},"29":{"start":{"line":69,"column":22},"end":{"line":69,"column":null}},"30":{"start":{"line":70,"column":6},"end":{"line":70,"column":null}},"31":{"start":{"line":72,"column":6},"end":{"line":72,"column":null}},"32":{"start":{"line":76,"column":2},"end":{"line":160,"column":null}},"33":{"start":{"line":146,"column":16},"end":{"line":148,"column":null}}},"fnMap":{"0":{"name":"(anonymous_0)","decl":{"start":{"line":9,"column":6},"end":{"line":9,"column":32}},"loc":{"start":{"line":9,"column":32},"end":{"line":160,"column":null}},"line":9},"1":{"name":"(anonymous_1)","decl":{"start":{"line":24,"column":2},"end":{"line":24,"column":18}},"loc":{"start":{"line":24,"column":18},"end":{"line":34,"column":7}},"line":24},"2":{"name":"(anonymous_2)","decl":{"start":{"line":25,"column":26},"end":{"line":25,"column":38}},"loc":{"start":{"line":25,"column":38},"end":{"line":30,"column":null}},"line":25},"3":{"name":"(anonymous_3)","decl":{"start":{"line":36,"column":8},"end":{"line":36,"column":24}},"loc":{"start":{"line":36,"column":30},"end":{"line":37,"column":null}},"line":36},"4":{"name":"(anonymous_4)","decl":{"start":{"line":40,"column":23},"end":{"line":40,"column":30}},"loc":{"start":{"line":40,"column":36},"end":{"line":72,"column":null}},"line":40},"5":{"name":"(anonymous_5)","decl":{"start":{"line":145,"column":23},"end":{"line":145,"column":27}},"loc":{"start":{"line":146,"column":16},"end":{"line":148,"column":null}},"line":146}},"branchMap":{"0":{"loc":{"start":{"line":45,"column":6},"end":{"line":48,"column":null}},"type":"if","locations":[{"start":{"line":45,"column":6},"end":{"line":48,"column":null}},{"start":{},"end":{}}],"line":45},"1":{"loc":{"start":{"line":45,"column":10},"end":{"line":45,"column":42}},"type":"binary-expr","locations":[{"start":{"line":45,"column":10},"end":{"line":45,"column":22}},{"start":{"line":45,"column":22},"end":{"line":45,"column":42}}],"line":45},"2":{"loc":{"start":{"line":69,"column":22},"end":{"line":69,"column":null}},"type":"binary-expr","locations":[{"start":{"line":69,"column":22},"end":{"line":69,"column":55}},{"start":{"line":69,"column":55},"end":{"line":69,"column":null}}],"line":69},"3":{"loc":{"start":{"line":155,"column":15},"end":{"line":155,"column":null}},"type":"cond-expr","locations":[{"start":{"line":155,"column":25},"end":{"line":155,"column":44}},{"start":{"line":155,"column":44},"end":{"line":155,"column":null}}],"line":155}},"s":{"0":1,"1":25,"2":25,"3":25,"4":25,"5":25,"6":25,"7":4,"8":4,"9":4,"10":4,"11":0,"12":4,"13":25,"14":12,"15":25,"16":3,"17":3,"18":3,"19":3,"20":1,"21":1,"22":1,"23":2,"24":2,"25":2,"26":1,"27":1,"28":1,"29":1,"30":1,"31":3,"32":25,"33":21},"f":{"0":25,"1":4,"2":4,"3":12,"4":3,"5":21},"b":{"0":[1,2],"1":[3,3],"2":[1,0],"3":[2,23]},"meta":{"lastBranch":4,"lastFunction":6,"lastStatement":34,"seen":{"s:9:6:160:Infinity":0,"f:9:6:9:32":0,"s:10:8:10:32":1,"s:11:10:11:31":2,"s:12:18:12:44":3,"s:13:18:13:47":4,"s:15:19:22:4":5,"s:24:2:34:Infinity":6,"f:24:2:24:18":1,"s:25:26:30:Infinity":7,"f:25:26:25:38":2,"s:26:6:30:Infinity":8,"s:27:21:27:39":9,"s:28:8:28:Infinity":10,"s:30:8:30:Infinity":11,"s:33:4:33:Infinity":12,"s:36:8:37:Infinity":13,"f:36:8:36:24":3,"s:37:4:37:Infinity":14,"s:40:23:72:Infinity":15,"f:40:23:40:30":4,"s:41:4:41:Infinity":16,"s:42:4:42:Infinity":17,"s:44:4:72:Infinity":18,"b:45:6:48:Infinity:undefined:undefined:undefined:undefined":0,"s:45:6:48:Infinity":19,"b:45:10:45:22:45:22:45:42":1,"s:46:8:46:Infinity":20,"s:47:8:47:Infinity":21,"s:48:8:48:Infinity":22,"s:51:22:59:Infinity":23,"s:61:6:61:Infinity":24,"s:62:6:62:Infinity":25,"s:64:6:64:Infinity":26,"s:65:6:65:Infinity":27,"s:68:6:68:Infinity":28,"s:69:22:69:Infinity":29,"b:69:22:69:55:69:55:69:Infinity":2,"s:70:6:70:Infinity":30,"s:72:6:72:Infinity":31,"s:76:2:160:Infinity":32,"f:145:23:145:27":5,"s:146:16:148:Infinity":33,"b:155:25:155:44:155:44:155:Infinity":3}}}
,"C:\\Users\\matia\\Desktop\\donaton-frontend\\src\\pages\\RegisterPage.jsx": {"path":"C:\\Users\\matia\\Desktop\\donaton-frontend\\src\\pages\\RegisterPage.jsx","statementMap":{"0":{"start":{"line":4,"column":6},"end":{"line":8,"column":null}},"1":{"start":{"line":5,"column":2},"end":{"line":8,"column":null}}},"fnMap":{"0":{"name":"(anonymous_0)","decl":{"start":{"line":4,"column":6},"end":{"line":4,"column":27}},"loc":{"start":{"line":4,"column":27},"end":{"line":8,"column":null}},"line":4}},"branchMap":{},"s":{"0":0,"1":0},"f":{"0":0},"b":{},"meta":{"lastBranch":0,"lastFunction":1,"lastStatement":2,"seen":{"s:4:6:8:Infinity":0,"f:4:6:4:27":0,"s:5:2:8:Infinity":1}}}
,"C:\\Users\\matia\\Desktop\\donaton-frontend\\src\\services\\authService.js": {"path":"C:\\Users\\matia\\Desktop\\donaton-frontend\\src\\services\\authService.js","statementMap":{"0":{"start":{"line":3,"column":21},"end":{"line":5,"column":null}},"1":{"start":{"line":4,"column":19},"end":{"line":4,"column":83}},"2":{"start":{"line":5,"column":2},"end":{"line":5,"column":null}},"3":{"start":{"line":9,"column":24},"end":{"line":11,"column":null}},"4":{"start":{"line":10,"column":19},"end":{"line":10,"column":83}},"5":{"start":{"line":11,"column":2},"end":{"line":11,"column":null}}},"fnMap":{"0":{"name":"(anonymous_0)","decl":{"start":{"line":3,"column":21},"end":{"line":3,"column":28}},"loc":{"start":{"line":3,"column":44},"end":{"line":5,"column":null}},"line":3},"1":{"name":"(anonymous_1)","decl":{"start":{"line":9,"column":24},"end":{"line":9,"column":31}},"loc":{"start":{"line":9,"column":44},"end":{"line":11,"column":null}},"line":9}},"branchMap":{},"s":{"0":3,"1":2,"2":1,"3":3,"4":2,"5":1},"f":{"0":2,"1":2},"b":{},"meta":{"lastBranch":0,"lastFunction":2,"lastStatement":6,"seen":{"s:3:21:5:Infinity":0,"f:3:21:3:28":0,"s:4:19:4:83":1,"s:5:2:5:Infinity":2,"s:9:24:11:Infinity":3,"f:9:24:9:31":1,"s:10:19:10:83":4,"s:11:2:11:Infinity":5}}}
,"C:\\Users\\matia\\Desktop\\donaton-frontend\\src\\services\\axiosConfig.js": {"path":"C:\\Users\\matia\\Desktop\\donaton-frontend\\src\\services\\axiosConfig.js","statementMap":{"0":{"start":{"line":3,"column":22},"end":{"line":8,"column":2}},"1":{"start":{"line":10,"column":0},"end":{"line":16,"column":null}},"2":{"start":{"line":11,"column":16},"end":{"line":11,"column":45}},"3":{"start":{"line":12,"column":2},"end":{"line":13,"column":null}},"4":{"start":{"line":13,"column":4},"end":{"line":13,"column":null}},"5":{"start":{"line":15,"column":2},"end":{"line":15,"column":null}}},"fnMap":{"0":{"name":"(anonymous_0)","decl":{"start":{"line":10,"column":35},"end":{"line":10,"column":40}},"loc":{"start":{"line":10,"column":51},"end":{"line":16,"column":null}},"line":10}},"branchMap":{"0":{"loc":{"start":{"line":12,"column":2},"end":{"line":13,"column":null}},"type":"if","locations":[{"start":{"line":12,"column":2},"end":{"line":13,"column":null}},{"start":{},"end":{}}],"line":12}},"s":{"0":4,"1":4,"2":1,"3":1,"4":1,"5":1},"f":{"0":1},"b":{"0":[1,0]},"meta":{"lastBranch":1,"lastFunction":1,"lastStatement":6,"seen":{"s:3:22:8:2":0,"s:10:0:16:Infinity":1,"f:10:35:10:40":0,"s:11:16:11:45":2,"b:12:2:13:Infinity:undefined:undefined:undefined:undefined":0,"s:12:2:13:Infinity":3,"s:13:4:13:Infinity":4,"s:15:2:15:Infinity":5}}}
,"C:\\Users\\matia\\Desktop\\donaton-frontend\\src\\services\\donacionService.js": {"path":"C:\\Users\\matia\\Desktop\\donaton-frontend\\src\\services\\donacionService.js","statementMap":{"0":{"start":{"line":3,"column":26},"end":{"line":5,"column":null}},"1":{"start":{"line":4,"column":19},"end":{"line":4,"column":62}},"2":{"start":{"line":5,"column":2},"end":{"line":5,"column":null}},"3":{"start":{"line":8,"column":33},"end":{"line":10,"column":null}},"4":{"start":{"line":9,"column":19},"end":{"line":9,"column":75}},"5":{"start":{"line":10,"column":2},"end":{"line":10,"column":null}},"6":{"start":{"line":13,"column":35},"end":{"line":15,"column":null}},"7":{"start":{"line":14,"column":19},"end":{"line":14,"column":83}},"8":{"start":{"line":15,"column":2},"end":{"line":15,"column":null}}},"fnMap":{"0":{"name":"(anonymous_0)","decl":{"start":{"line":3,"column":26},"end":{"line":3,"column":38}},"loc":{"start":{"line":3,"column":38},"end":{"line":5,"column":null}},"line":3},"1":{"name":"(anonymous_1)","decl":{"start":{"line":8,"column":33},"end":{"line":8,"column":40}},"loc":{"start":{"line":8,"column":52},"end":{"line":10,"column":null}},"line":8},"2":{"name":"(anonymous_2)","decl":{"start":{"line":13,"column":35},"end":{"line":13,"column":42}},"loc":{"start":{"line":13,"column":53},"end":{"line":15,"column":null}},"line":13}},"branchMap":{},"s":{"0":2,"1":1,"2":1,"3":2,"4":1,"5":1,"6":2,"7":2,"8":1},"f":{"0":1,"1":1,"2":2},"b":{},"meta":{"lastBranch":0,"lastFunction":3,"lastStatement":9,"seen":{"s:3:26:5:Infinity":0,"f:3:26:3:38":0,"s:4:19:4:62":1,"s:5:2:5:Infinity":2,"s:8:33:10:Infinity":3,"f:8:33:8:40":1,"s:9:19:9:75":4,"s:10:2:10:Infinity":5,"s:13:35:15:Infinity":6,"f:13:35:13:42":2,"s:14:19:14:83":7,"s:15:2:15:Infinity":8}}}
}
